c:\users\rok\desktop\rtg\framework\libpng\lpng.dir\debug\lpng.pdb
c:\users\rok\desktop\rtg\framework\libpng\lpng.dir\debug\pngwutil.obj
c:\users\rok\desktop\rtg\framework\libpng\lpng.dir\debug\pngwtran.obj
c:\users\rok\desktop\rtg\framework\libpng\lpng.dir\debug\pngwrite.obj
c:\users\rok\desktop\rtg\framework\libpng\lpng.dir\debug\pngwio.obj
c:\users\rok\desktop\rtg\framework\libpng\lpng.dir\debug\pngtrans.obj
c:\users\rok\desktop\rtg\framework\libpng\lpng.dir\debug\pngset.obj
c:\users\rok\desktop\rtg\framework\libpng\lpng.dir\debug\pngrutil.obj
c:\users\rok\desktop\rtg\framework\libpng\lpng.dir\debug\pngrtran.obj
c:\users\rok\desktop\rtg\framework\libpng\lpng.dir\debug\pngrio.obj
c:\users\rok\desktop\rtg\framework\libpng\lpng.dir\debug\pngread.obj
c:\users\rok\desktop\rtg\framework\libpng\lpng.dir\debug\pngpread.obj
c:\users\rok\desktop\rtg\framework\libpng\lpng.dir\debug\pngmem.obj
c:\users\rok\desktop\rtg\framework\libpng\lpng.dir\debug\pngget.obj
c:\users\rok\desktop\rtg\framework\libpng\lpng.dir\debug\pngerror.obj
c:\users\rok\desktop\rtg\framework\libpng\lpng.dir\debug\png.obj
c:\users\rok\desktop\rtg\framework\libpng\cmakefiles\generate.stamp
c:\users\rok\desktop\rtg\framework\libpng\debug\lpngd.lib
c:\users\rok\desktop\rtg\framework\libpng\lpng.dir\debug\lpng.tlog\cl.command.1.tlog
c:\users\rok\desktop\rtg\framework\libpng\lpng.dir\debug\lpng.tlog\cl.read.1.tlog
c:\users\rok\desktop\rtg\framework\libpng\lpng.dir\debug\lpng.tlog\cl.write.1.tlog
c:\users\rok\desktop\rtg\framework\libpng\lpng.dir\debug\lpng.tlog\custombuild.command.1.tlog
c:\users\rok\desktop\rtg\framework\libpng\lpng.dir\debug\lpng.tlog\custombuild.read.1.tlog
c:\users\rok\desktop\rtg\framework\libpng\lpng.dir\debug\lpng.tlog\custombuild.write.1.tlog
c:\users\rok\desktop\rtg\framework\libpng\lpng.dir\debug\lpng.tlog\lib-link.read.1.tlog
c:\users\rok\desktop\rtg\framework\libpng\lpng.dir\debug\lpng.tlog\lib-link.write.1.tlog
c:\users\rok\desktop\rtg\framework\libpng\lpng.dir\debug\lpng.tlog\lib.command.1.tlog
